Compiler version: 4.7 (R2007b) 
Warning: Duplicate directory name: D:\My Documents\MATLAB. 
mcc -W 'dotnet:CurveFit,CurveFitclass,0.0,private' -d 'D:\My Documents\MATLAB\CurveFit\src' -T 'link:lib' -v 'class{CurveFitclass:D:\My Documents\MATLAB\myfinemeshgrid.m,D:\My Documents\MATLAB\mygriddata.m,D:\My Documents\MATLAB\myinterp1.m,D:\My Documents\MATLAB\myinterp2.m,D:\My Documents\MATLAB\mymeshgrid.m,D:\My Documents\MATLAB\myplus.m,D:\My Documents\MATLAB\mypolyfit.m,D:\My Documents\MATLAB\mypolyval.m}'  
Processing D:\Program Files\MATLAB\R2007b\toolbox\matlab\mcc.enc 
Processing include files... 
2 item(s) added. 
Processing directories installed with MCR... 
The file D:\My Documents\MATLAB\CurveFit\src\mccExcludedFiles.log contains a list of functions excluded from the CTF archive. 
1 item(s) added. 
Generating MATLAB path for the compiled application... 
Created 35 path items. 
Begin validation of MEX files: Mon Mar 07 10:38:31 2011 
Validating 'D:\Program Files\MATLAB\R2007b\toolbox\compiler\deploy\deploywhich.mexw32'. 
No conflicting M-file found. 
Validating 'D:\Program Files\MATLAB\R2007b\toolbox\compiler\deploy\readline.mexw32'. 
No conflicting M-file found. 
End validation of MEX files: Mon Mar 07 10:38:31 2011 
Deleting 2 temporary MEX authorization files. 
Removing: 'C:\DOCUME~1\ADMINI~1\LOCALS~1\Temp\mathworks_tmp_18845_6100.auth'. 
Removing: 'C:\DOCUME~1\ADMINI~1\LOCALS~1\Temp\mathworks_tmp_25785_6100.auth'. 
Parsing file "D:\My Documents\MATLAB\myfinemeshgrid.m" 
	(Referenced from: "Compiler Command Line"). 
Parsing file "D:\My Documents\MATLAB\mygriddata.m" 
	(Referenced from: "Compiler Command Line"). 
Parsing file "D:\My Documents\MATLAB\myinterp1.m" 
	(Referenced from: "Compiler Command Line"). 
Parsing file "D:\My Documents\MATLAB\myinterp2.m" 
	(Referenced from: "Compiler Command Line"). 
Parsing file "D:\My Documents\MATLAB\mymeshgrid.m" 
	(Referenced from: "Compiler Command Line"). 
Parsing file "D:\My Documents\MATLAB\myplus.m" 
	(Referenced from: "Compiler Command Line"). 
Parsing file "D:\My Documents\MATLAB\mypolyfit.m" 
	(Referenced from: "Compiler Command Line"). 
Parsing file "D:\My Documents\MATLAB\mypolyval.m" 
	(Referenced from: "Compiler Command Line"). 
Parsing file "D:\Program Files\MATLAB\R2007b\toolbox\compiler\deploy\deployprint.m" 
	(Referenced from: "Compiler Command Line"). 
Parsing file "D:\Program Files\MATLAB\R2007b\toolbox\compiler\deploy\printdlg.m" 
	(Referenced from: "Compiler Command Line"). 
Generating file "D:\My Documents\MATLAB\CurveFit\src\CurveFitclass.cs". 
Generating file "D:\My Documents\MATLAB\CurveFit\src\readme.txt". 
Generating file "D:\My Documents\MATLAB\CurveFit\src\CurveFit_mcc_component_data.cs". 
Executing command: C:\WINDOWS\Microsoft.NET\Framework\v2.0.50727\csc.exe /nologo /optimize /doc:"D:\My Documents\MATLAB\CurveFit\src\CurveFit.xml" /t:library /r:"D:\Program Files\MATLAB\R2007b\toolbox\dotnetbuilder\bin\win32\v2.0\MWArray.dll" /linkres:"D:\My Documents\MATLAB\CurveFit\src\CurveFit.ctf" /out:"D:\My Documents\MATLAB\CurveFit\src\CurveFit.dll" "D:\My Documents\MATLAB\CurveFit\src\CurveFitclass.cs" "D:\My Documents\MATLAB\CurveFit\src\CurveFit_mcc_component_data.cs" 
Warning: Duplicate directory name: D:\My Documents\MATLAB. 
Warning: Duplicate directory name: D:\My Documents\MATLAB. 
Warning: Duplicate directory name: D:\My Documents\MATLAB. 
Warning: Duplicate directory name: D:\My Documents\MATLAB. 
Warning: Duplicate directory name: D:\My Documents\MATLAB. 
Warning: Duplicate directory name: D:\My Documents\MATLAB. 
Warning: Duplicate directory name: D:\My Documents\MATLAB. 
